# JRE version: OpenJDK Runtime Environment (8.0_131-b11) (build 1.8.0_131-8u131-b11-2ubuntu1.16.04.3-b11)
# Java VM: OpenJDK 64-Bit Server VM (25.131-b11 mixed mode linux-amd64 )
Heap:
 PSYoungGen      total 13609984K, used 6815695K [0x00007f8482580000, 0x00007f87c5500000, 0x00007f892d000000)
  eden space 13545984K, 50% used [0x00007f8482580000,0x00007f861fbd65b0,0x00007f87bd200000)
  from space 64000K, 66% used [0x00007f87c1680000,0x00007f87c401d6c0,0x00007f87c5500000)
  to   space 67072K, 0% used [0x00007f87bd200000,0x00007f87bd200000,0x00007f87c1380000)
 ParOldGen       total 885248K, used 288222K [0x00007f7b2d000000, 0x00007f7b63080000, 0x00007f8482580000)
  object space 885248K, 32% used [0x00007f7b2d000000,0x00007f7b3e9779d0,0x00007f7b63080000)
 Metaspace       used 35750K, capacity 37246K, committed 37376K, reserved 38912K
GC Heap History (10 events):
Event: 2246.266 GC heap before
{Heap before GC invocations=2581 (full 3):
 PSYoungGen      total 13212160K, used 13195932K [0x00007f8482580000, 0x00007f87b6600000, 0x00007f892d000000)
  eden space 13145088K, 100% used [0x00007f8482580000,0x00007f87a4a80000,0x00007f87a4a80000)
  from space 67072K, 75% used [0x00007f87a4a80000,0x00007f87a7c270c8,0x00007f87a8c00000)
  to   space 67072K, 0% used [0x00007f87b2480000,0x00007f87b2480000,0x00007f87b6600000)
 ParOldGen       total 885248K, used 280555K [0x00007f7b2d000000, 0x00007f7b63080000, 0x00007f8482580000)
  object space 885248K, 31% used [0x00007f7b2d000000,0x00007f7b3e1fafb0,0x00007f7b63080000)
 Metaspace       used 35749K, capacity 37246K, committed 37376K, reserved 38912K
Event: 2246.275 GC heap after
Heap after GC invocations=2581 (full 3):
 PSYoungGen      total 13343744K, used 50923K [0x00007f8482580000, 0x00007f87b5980000, 0x00007f892d000000)
  eden space 13289472K, 0% used [0x00007f8482580000,0x00007f8482580000,0x00007f87ad780000)
  from space 54272K, 93% used [0x00007f87b2480000,0x00007f87b563ad28,0x00007f87b5980000)
  to   space 66560K, 0% used [0x00007f87ad780000,0x00007f87ad780000,0x00007f87b1880000)
 ParOldGen       total 885248K, used 280571K [0x00007f7b2d000000, 0x00007f7b63080000, 0x00007f8482580000)
  object space 885248K, 31% used [0x00007f7b2d000000,0x00007f7b3e1fefb0,0x00007f7b63080000)
 Metaspace       used 35749K, capacity 37246K, committed 37376K, reserved 38912K
}
Event: 2264.530 GC heap before
{Heap before GC invocations=2582 (full 3):
 PSYoungGen      total 13343744K, used 13340395K [0x00007f8482580000, 0x00007f87b5980000, 0x00007f892d000000)
  eden space 13289472K, 100% used [0x00007f8482580000,0x00007f87ad780000,0x00007f87ad780000)
  from space 54272K, 93% used [0x00007f87b2480000,0x00007f87b563ad28,0x00007f87b5980000)
  to   space 66560K, 0% used [0x00007f87ad780000,0x00007f87ad780000,0x00007f87b1880000)
 ParOldGen       total 885248K, used 280571K [0x00007f7b2d000000, 0x00007f7b63080000, 0x00007f8482580000)
  object space 885248K, 31% used [0x00007f7b2d000000,0x00007f7b3e1fefb0,0x00007f7b63080000)
 Metaspace       used 35750K, capacity 37246K, committed 37376K, reserved 38912K
Event: 2264.539 GC heap after
Heap after GC invocations=2582 (full 3):
 PSYoungGen      total 13356032K, used 51187K [0x00007f8482580000, 0x00007f87be080000, 0x00007f892d000000)
  eden space 13289472K, 0% used [0x00007f8482580000,0x00007f8482580000,0x00007f87ad780000)
  from space 66560K, 76% used [0x00007f87ad780000,0x00007f87b097ceb8,0x00007f87b1880000)
  to   space 66048K, 0% used [0x00007f87ba000000,0x00007f87ba000000,0x00007f87be080000)
 ParOldGen       total 885248K, used 280883K [0x00007f7b2d000000, 0x00007f7b63080000, 0x00007f8482580000)
  object space 885248K, 31% used [0x00007f7b2d000000,0x00007f7b3e24cfc8,0x00007f7b63080000)
 Metaspace       used 35750K, capacity 37246K, committed 37376K, reserved 38912K
}
Event: 2282.448 GC heap before
{Heap before GC invocations=2583 (full 3):
 PSYoungGen      total 13356032K, used 13340659K [0x00007f8482580000, 0x00007f87be080000, 0x00007f892d000000)
  eden space 13289472K, 100% used [0x00007f8482580000,0x00007f87ad780000,0x00007f87ad780000)
  from space 66560K, 76% used [0x00007f87ad780000,0x00007f87b097ceb8,0x00007f87b1880000)
  to   space 66048K, 0% used [0x00007f87ba000000,0x00007f87ba000000,0x00007f87be080000)
 ParOldGen       total 885248K, used 280883K [0x00007f7b2d000000, 0x00007f7b63080000, 0x00007f8482580000)
  object space 885248K, 31% used [0x00007f7b2d000000,0x00007f7b3e24cfc8,0x00007f7b63080000)
 Metaspace       used 35750K, capacity 37246K, committed 37376K, reserved 38912K
Event: 2282.456 GC heap after
Heap after GC invocations=2583 (full 3):
 PSYoungGen      total 13481472K, used 43098K [0x00007f8482580000, 0x00007f87bda80000, 0x00007f892d000000)
  eden space 13421568K, 0% used [0x00007f8482580000,0x00007f8482580000,0x00007f87b5880000)
  from space 59904K, 71% used [0x00007f87ba000000,0x00007f87bca16818,0x00007f87bda80000)
  to   space 66560K, 0% used [0x00007f87b5880000,0x00007f87b5880000,0x00007f87b9980000)
 ParOldGen       total 885248K, used 288084K [0x00007f7b2d000000, 0x00007f7b63080000, 0x00007f8482580000)
  object space 885248K, 32% used [0x00007f7b2d000000,0x00007f7b3e955240,0x00007f7b63080000)
 Metaspace       used 35750K, capacity 37246K, committed 37376K, reserved 38912K
}
Event: 2300.010 GC heap before
{Heap before GC invocations=2584 (full 3):
 PSYoungGen      total 13481472K, used 13464666K [0x00007f8482580000, 0x00007f87bda80000, 0x00007f892d000000)
  eden space 13421568K, 100% used [0x00007f8482580000,0x00007f87b5880000,0x00007f87b5880000)
  from space 59904K, 71% used [0x00007f87ba000000,0x00007f87bca16818,0x00007f87bda80000)
  to   space 66560K, 0% used [0x00007f87b5880000,0x00007f87b5880000,0x00007f87b9980000)
 ParOldGen       total 885248K, used 288084K [0x00007f7b2d000000, 0x00007f7b63080000, 0x00007f8482580000)
  object space 885248K, 32% used [0x00007f7b2d000000,0x00007f7b3e955240,0x00007f7b63080000)
 Metaspace       used 35750K, capacity 37246K, committed 37376K, reserved 38912K
Event: 2300.018 GC heap after
Heap after GC invocations=2584 (full 3):
 PSYoungGen      total 13488128K, used 44937K [0x00007f8482580000, 0x00007f87c5800000, 0x00007f892d000000)
  eden space 13421568K, 0% used [0x00007f8482580000,0x00007f8482580000,0x00007f87b5880000)
  from space 66560K, 67% used [0x00007f87b5880000,0x00007f87b8462500,0x00007f87b9980000)
  to   space 67072K, 0% used [0x00007f87c1680000,0x00007f87c1680000,0x00007f87c5800000)
 ParOldGen       total 885248K, used 288190K [0x00007f7b2d000000, 0x00007f7b63080000, 0x00007f8482580000)
  object space 885248K, 32% used [0x00007f7b2d000000,0x00007f7b3e96f9d0,0x00007f7b63080000)
 Metaspace       used 35750K, capacity 37246K, committed 37376K, reserved 38912K
}
Event: 2316.509 GC heap before
{Heap before GC invocations=2585 (full 3):
 PSYoungGen      total 13488128K, used 13466505K [0x00007f8482580000, 0x00007f87c5800000, 0x00007f892d000000)
  eden space 13421568K, 100% used [0x00007f8482580000,0x00007f87b5880000,0x00007f87b5880000)
  from space 66560K, 67% used [0x00007f87b5880000,0x00007f87b8462500,0x00007f87b9980000)
  to   space 67072K, 0% used [0x00007f87c1680000,0x00007f87c1680000,0x00007f87c5800000)
 ParOldGen       total 885248K, used 288190K [0x00007f7b2d000000, 0x00007f7b63080000, 0x00007f8482580000)
  object space 885248K, 32% used [0x00007f7b2d000000,0x00007f7b3e96f9d0,0x00007f7b63080000)
 Metaspace       used 35750K, capacity 37246K, committed 37376K, reserved 38912K
Event: 2316.516 GC heap after
Heap after GC invocations=2585 (full 3):
 PSYoungGen      total 13609984K, used 42613K [0x00007f8482580000, 0x00007f87c5500000, 0x00007f892d000000)
  eden space 13545984K, 0% used [0x00007f8482580000,0x00007f8482580000,0x00007f87bd200000)
  from space 64000K, 66% used [0x00007f87c1680000,0x00007f87c401d6c0,0x00007f87c5500000)
  to   space 67072K, 0% used [0x00007f87bd200000,0x00007f87bd200000,0x00007f87c1380000)
 ParOldGen       total 885248K, used 288222K [0x00007f7b2d000000, 0x00007f7b63080000, 0x00007f8482580000)
  object space 885248K, 32% used [0x00007f7b2d000000,0x00007f7b3e9779d0,0x00007f7b63080000)
 Metaspace       used 35750K, capacity 37246K, committed 37376K, reserved 38912K
}

