Building DAG of jobs...
WARNING:snakemake.logging:Building DAG of jobs...
Creating conda environment envs/redundans.yaml...
WARNING:snakemake.logging:Creating conda environment envs/redundans.yaml...
Downloading and installing remote packages.
WARNING:snakemake.logging:Downloading and installing remote packages.
Environment for envs/redundans.yaml created (location: .snakemake/conda/d4ff4902e8c4c432626f12dedf69958e)
WARNING:snakemake.logging:Environment for envs/redundans.yaml created (location: .snakemake/conda/d4ff4902e8c4c432626f12dedf69958e)
Using shell: /usr/bin/bash
WARNING:snakemake.logging:Using shell: /usr/bin/bash
Provided cores: 28
WARNING:snakemake.logging:Provided cores: 28
Rules claiming more threads will be scaled down.
WARNING:snakemake.logging:Rules claiming more threads will be scaled down.
Job stats:
job                    count    min threads    max threads
-------------------  -------  -------------  -------------
all                        1              1              1
blast_nonself              1              1              1
make_blast_database        1              1              1
quast                      1              1              1
reads_to_fasta             1              1              1
redundans                  1              1              1
redundans_tagging          1              1              1
total                      7              1              1

WARNING:snakemake.logging:Job stats:
job                    count    min threads    max threads
-------------------  -------  -------------  -------------
all                        1              1              1
blast_nonself              1              1              1
make_blast_database        1              1              1
quast                      1              1              1
reads_to_fasta             1              1              1
redundans                  1              1              1
redundans_tagging          1              1              1
total                      7              1              1

Select jobs to execute...
WARNING:snakemake.logging:Select jobs to execute...

INFO:snakemake.logging:
[Mon Sep  6 09:57:26 2021]
INFO:snakemake.logging:[Mon Sep  6 09:57:26 2021]
rule reads_to_fasta:
    input: data/reads/reads_15_15000.fastq.gz
    output: data/reads/reads_15_15000.fasta
    jobid: 6
    resources: tmpdir=/tmp
INFO:snakemake.logging:rule reads_to_fasta:
    input: data/reads/reads_15_15000.fastq.gz
    output: data/reads/reads_15_15000.fasta
    jobid: 6
    resources: tmpdir=/tmp

INFO:snakemake.logging:
zcat -c data/reads/reads_15_15000.fastq.gz | seqkit fq2fa | cat > data/reads/reads_15_15000.fasta
WARNING:snakemake.logging:zcat -c data/reads/reads_15_15000.fastq.gz | seqkit fq2fa | cat > data/reads/reads_15_15000.fasta

INFO:snakemake.logging:
[Mon Sep  6 09:57:26 2021]
INFO:snakemake.logging:[Mon Sep  6 09:57:26 2021]
rule redundans:
    input: data/assemblies/purged.fasta, data/reads/reads_15_15000.fastq.gz
    output: purged/outputs/redundans/scaffolds.reduced.fa
    jobid: 3
    resources: tmpdir=/tmp
INFO:snakemake.logging:rule redundans:
    input: data/assemblies/purged.fasta, data/reads/reads_15_15000.fastq.gz
    output: purged/outputs/redundans/scaffolds.reduced.fa
    jobid: 3
    resources: tmpdir=/tmp

INFO:snakemake.logging:
rm -rf purged/outputs/redundans/ && /home/531734/packages/redundans/redundans.py --fasta data/assemblies/purged.fasta --outdir purged/outputs/redundans/ --threads 12 --longreads data/reads/reads_15_15000.fastq.gz --verbose
WARNING:snakemake.logging:rm -rf purged/outputs/redundans/ && /home/531734/packages/redundans/redundans.py --fasta data/assemblies/purged.fasta --outdir purged/outputs/redundans/ --threads 12 --longreads data/reads/reads_15_15000.fastq.gz --verbose
Activating conda environment: /home/531734/mike/karyon_longread/.snakemake/conda/d4ff4902e8c4c432626f12dedf69958e
WARNING:snakemake.logging:Activating conda environment: /home/531734/mike/karyon_longread/.snakemake/conda/d4ff4902e8c4c432626f12dedf69958e
Traceback (most recent call last):
  File "/home/531734/packages/redundans/redundans.py", line 34, in <module>
    assert sys.version_info >= (2, 7) and sys.version_info < (3,), "Only Python 2.7 is supported!"
AssertionError: Only Python 2.7 is supported!
[Mon Sep  6 09:57:27 2021]
INFO:snakemake.logging:[Mon Sep  6 09:57:27 2021]
Error in rule redundans:
ERROR:snakemake.logging:Error in rule redundans:
    jobid: 3
ERROR:snakemake.logging:    jobid: 3
    output: purged/outputs/redundans/scaffolds.reduced.fa
ERROR:snakemake.logging:    output: purged/outputs/redundans/scaffolds.reduced.fa
    conda-env: /home/531734/mike/karyon_longread/.snakemake/conda/d4ff4902e8c4c432626f12dedf69958e
ERROR:snakemake.logging:    conda-env: /home/531734/mike/karyon_longread/.snakemake/conda/d4ff4902e8c4c432626f12dedf69958e
    shell:
        rm -rf purged/outputs/redundans/ && /home/531734/packages/redundans/redundans.py --fasta data/assemblies/purged.fasta --outdir purged/outputs/redundans/ --threads 12 --longreads data/reads/reads_15_15000.fastq.gz --verbose
        (one of the commands exited with non-zero exit code; note that snakemake uses bash strict mode!)
ERROR:snakemake.logging:    shell:
        rm -rf purged/outputs/redundans/ && /home/531734/packages/redundans/redundans.py --fasta data/assemblies/purged.fasta --outdir purged/outputs/redundans/ --threads 12 --longreads data/reads/reads_15_15000.fastq.gz --verbose
        (one of the commands exited with non-zero exit code; note that snakemake uses bash strict mode!)

ERROR:snakemake.logging:
Job failed, going on with independent jobs.
WARNING:snakemake.logging:Job failed, going on with independent jobs.
[Mon Sep  6 09:59:04 2021]
INFO:snakemake.logging:[Mon Sep  6 09:59:04 2021]
Finished job 6.
INFO:snakemake.logging:Finished job 6.
1 of 7 steps (14%) done
INFO:snakemake.logging:1 of 7 steps (14%) done
Exiting because a job execution failed. Look above for error message
ERROR:snakemake.logging:Exiting because a job execution failed. Look above for error message
Complete log: /home/531734/mike/karyon_longread/.snakemake/log/2021-09-06T094434.295204.snakemake.log
WARNING:snakemake.logging:Complete log: /home/531734/mike/karyon_longread/.snakemake/log/2021-09-06T094434.295204.snakemake.log
